c:\users\ben\onedrive - staffordshire university\foggs\s2foggs\hellogl\hellogl\debug\vc142.pdb
c:\users\ben\onedrive - staffordshire university\foggs\s2foggs\hellogl\hellogl\debug\vc142.idb
c:\users\ben\onedrive - staffordshire university\foggs\s2foggs\hellogl\hellogl\debug\main.obj
c:\users\ben\onedrive - staffordshire university\foggs\s2foggs\hellogl\hellogl\debug\glutcallbacks.obj
c:\users\ben\onedrive - staffordshire university\foggs\s2foggs\hellogl\hellogl\debug\texture2d.obj
c:\users\ben\onedrive - staffordshire university\foggs\s2foggs\hellogl\hellogl\debug\sceneobject.obj
c:\users\ben\onedrive - staffordshire university\foggs\s2foggs\hellogl\hellogl\debug\pyramid.obj
c:\users\ben\onedrive - staffordshire university\foggs\s2foggs\hellogl\hellogl\debug\meshloader.obj
c:\users\ben\onedrive - staffordshire university\foggs\s2foggs\hellogl\hellogl\debug\hellogl.obj
c:\users\ben\onedrive - staffordshire university\foggs\s2foggs\hellogl\hellogl\debug\cube.obj
c:\users\ben\documents\github\opengl\hellogl\hellogl\debug\vc142.pdb
c:\users\ben\documents\github\opengl\hellogl\hellogl\debug\vc142.idb
c:\users\ben\documents\github\opengl\hellogl\hellogl\debug\texture2d.obj
c:\users\ben\documents\github\opengl\hellogl\hellogl\debug\pyramid.obj
c:\users\ben\documents\github\opengl\hellogl\hellogl\debug\sceneobject.obj
c:\users\ben\documents\github\opengl\hellogl\hellogl\debug\meshloader.obj
c:\users\ben\documents\github\opengl\hellogl\hellogl\debug\main.obj
c:\users\ben\documents\github\opengl\hellogl\hellogl\debug\hellogl.obj
c:\users\ben\documents\github\opengl\hellogl\hellogl\debug\glutcallbacks.obj
c:\users\ben\documents\github\opengl\hellogl\hellogl\debug\cube.obj
c:\users\ben\onedrive - staffordshire university\foggs\s2foggs\hellogl\debug\hellogl.exe
c:\users\ben\onedrive - staffordshire university\foggs\s2foggs\hellogl\debug\hellogl.ilk
c:\users\ben\onedrive - staffordshire university\foggs\s2foggs\hellogl\debug\hellogl.pdb
c:\users\ben\documents\github\opengl\hellogl\debug\hellogl.exe
c:\users\ben\documents\github\opengl\hellogl\debug\hellogl.ilk
c:\users\ben\documents\github\opengl\hellogl\debug\hellogl.pdb
c:\users\ben\documents\github\opengl\hellogl\hellogl\debug\hellogl.tlog\cl.command.1.tlog
c:\users\ben\documents\github\opengl\hellogl\hellogl\debug\hellogl.tlog\cl.read.1.tlog
c:\users\ben\documents\github\opengl\hellogl\hellogl\debug\hellogl.tlog\cl.write.1.tlog
c:\users\ben\documents\github\opengl\hellogl\hellogl\debug\hellogl.tlog\link.command.1.tlog
c:\users\ben\documents\github\opengl\hellogl\hellogl\debug\hellogl.tlog\link.read.1.tlog
c:\users\ben\documents\github\opengl\hellogl\hellogl\debug\hellogl.tlog\link.write.1.tlog
